<?xml version="1.0" encoding="UTF-8"?>
<!-- Generated by org.testng.reporters.JUnitReportReporter -->
<testsuite ignored="0" hostname="DESKTOP-7L4VJPC" failures="0" tests="1" name="testcases.TC_Scenario1" time="3.774" errors="0" timestamp="11 Mar 2022 04:29:12 GMT" skipped="0">
  <testcase classname="testcases.TC_Scenario1" name="testApiLinkFromConfigFile" time="3.774"/>
</testsuite> <!-- testcases.TC_Scenario1 -->
